<test-run id="2" testcasecount="1" result="Passed" start-time="2026-02-06 16:38:38.255109" end-time="2026-02-06 16:38:38.335877" duration="0" total="1" passed="1" failed="0" inconclusive="0" skipped="0" asserts="0" clr-version="3.9.6 (default, Dec  2 2025, 07:27:58) &#10;[Clang 17.0.0 (clang-1700.6.3.2)]" engine-version="3.6.2"><command-line>/Users/tkjelsrud/Library/Python/3.9/lib/python/site-packages/pytest/__main__.py -q tests/test_ukeplan.py</command-line><filter><test re="0">tests/test_ukeplan.py</test></filter><test-suite id="tests/test_ukeplan.py" name="tests/test_ukeplan.py" fullname="tests/test_ukeplan.py" methodname="" classname="" runstate="Runnable" type="Assembly" testcasecount="1" result="Passed" label="" start-time="2026-02-06 16:38:38.288127" end-time="2026-02-06 16:38:38.329917" duration="0.04179" asserts="0" total="1" passed="1" failed="0" warnings="0" inconclusive="0" skipped="0"><properties><property name="python_version" value="3.9.6 (default, Dec  2 2025, 07:27:58) &#10;[Clang 17.0.0 (clang-1700.6.3.2)]" /></properties><test-case id="100" name="tests/test_ukeplan.py::test_ukeplan_dummy_pdf_parsing" fullname="tests/test_ukeplan.py::test_ukeplan_dummy_pdf_parsing" methodname="test_ukeplan_dummy_pdf_parsing" classname="tests/test_ukeplan.py" runstate="Runnable" seed="1" result="Passed" label="" start-time="2026-02-06 16:38:38.288127" end-time="2026-02-06 16:38:38.329917" duration="0.04179" asserts="0"><properties><property name="python-version" value="3.9.6 (default, Dec  2 2025, 07:27:58) &#10;[Clang 17.0.0 (clang-1700.6.3.2)]" /><property name="fspath" value="tests/test_ukeplan.py" /></properties><environment framework-version="3.6.2" clr-version="3.9.6 (default, Dec  2 2025, 07:27:58) &#10;[Clang 17.0.0 (clang-1700.6.3.2)]" os-version="25.2.0" platform="Darwin" cwd="/Users/tkjelsrud/Public/homeauto" machine-name="arm64" user="" user-domain="" culture="en_US" uiculture="en_US" os-architecture="64bit" /><failure><message><![CDATA[]]></message><stack-trace><![CDATA[None]]></stack-trace></failure><reason><message><![CDATA[]]></message></reason><output><![CDATA[]]></output></test-case><environment framework-version="3.6.2" clr-version="3.9.6 (default, Dec  2 2025, 07:27:58) &#10;[Clang 17.0.0 (clang-1700.6.3.2)]" os-version="25.2.0" platform="Darwin" cwd="/Users/tkjelsrud/Public/homeauto" machine-name="arm64" user="" user-domain="" culture="en_US" uiculture="en_US" os-architecture="64bit" /></test-suite></test-run>